<?xml version="1.0" encoding="UTF-8"?>
<testng-results ignored="0" total="2" passed="2" failed="0" skipped="0">
  <reporter-output>
  </reporter-output>
  <suite started-at="2025-03-02T22:55:27 GMT-05:00" name="Suite" finished-at="2025-03-02T22:56:43 GMT-05:00" duration-ms="76396">
    <groups>
    </groups>
    <test started-at="2025-03-02T22:55:27 GMT-05:00" name="Test" finished-at="2025-03-02T22:56:43 GMT-05:00" duration-ms="76396">
      <class name="testCases.TC01_Test1">
        <test-method is-config="true" signature="setup()[pri:0, instance:testCases.TC01_Test1@747edf66]" started-at="2025-03-02T22:55:27 GMT-05:00" name="setup" finished-at="2025-03-02T22:55:36 GMT-05:00" duration-ms="9318" status="PASS">
          <reporter-output>
          </reporter-output>
        </test-method> <!-- setup -->
        <test-method signature="verify_text()[pri:0, instance:testCases.TC01_Test1@747edf66]" started-at="2025-03-02T22:55:36 GMT-05:00" name="verify_text" finished-at="2025-03-02T22:55:50 GMT-05:00" duration-ms="13239" status="PASS">
          <reporter-output>
          </reporter-output>
        </test-method> <!-- verify_text -->
        <test-method is-config="true" signature="tearDown()[pri:0, instance:testCases.TC01_Test1@747edf66]" started-at="2025-03-02T22:55:50 GMT-05:00" name="tearDown" finished-at="2025-03-02T22:55:50 GMT-05:00" duration-ms="768" status="PASS">
          <reporter-output>
          </reporter-output>
        </test-method> <!-- tearDown -->
      </class> <!-- testCases.TC01_Test1 -->
      <class name="testCases.TC02_Test2">
        <test-method is-config="true" signature="setup()[pri:0, instance:testCases.TC02_Test2@e7edb54]" started-at="2025-03-02T22:55:50 GMT-05:00" name="setup" finished-at="2025-03-02T22:56:00 GMT-05:00" duration-ms="9884" status="PASS">
          <reporter-output>
          </reporter-output>
        </test-method> <!-- setup -->
        <test-method signature="VerifyCenter()[pri:0, instance:testCases.TC02_Test2@e7edb54]" started-at="2025-03-02T22:56:00 GMT-05:00" name="VerifyCenter" finished-at="2025-03-02T22:56:42 GMT-05:00" duration-ms="41662" status="PASS">
          <reporter-output>
          </reporter-output>
        </test-method> <!-- VerifyCenter -->
        <test-method is-config="true" signature="tearDown()[pri:0, instance:testCases.TC02_Test2@e7edb54]" started-at="2025-03-02T22:56:42 GMT-05:00" name="tearDown" finished-at="2025-03-02T22:56:43 GMT-05:00" duration-ms="1427" status="PASS">
          <reporter-output>
          </reporter-output>
        </test-method> <!-- tearDown -->
      </class> <!-- testCases.TC02_Test2 -->
    </test> <!-- Test -->
  </suite> <!-- Suite -->
</testng-results>
